==================================================================
ERROR OCCOURED AT :24/07/2023 08:59:45 AM
SOURCE:
MESSAGE:finished login_form initialization
Whole Exception:System.Exception: finished login_form initialization
==================================================================

==================================================================
ERROR OCCOURED AT :24/07/2023 08:59:45 AM
SOURCE:
MESSAGE:finished login_form load
Whole Exception:System.Exception: finished login_form load
==================================================================

==================================================================
ERROR OCCOURED AT :24/07/2023 08:59:58 AM
SOURCE:
MESSAGE:Login successfull.
Whole Exception:System.Exception: Login successfull.
==================================================================

==================================================================
ERROR OCCOURED AT :24/07/2023 08:59:58 AM
SOURCE:System.Data
MESSAGE:There is no row at position 1.
Whole Exception:System.IndexOutOfRangeException: There is no row at position 1.
   at System.Data.RBTree`1.GetNodeByIndex(Int32 userIndex)
   at System.Data.DataRowCollection.get_Item(Int32 index)
   at jkuat_ip_telephony_ui.login_form.save_auto_complete_login() in D:\wakxpx\csharp\visualstudio\2010\jkuat_ip_telephony_admin_module\jkuat_ip_telephony_ui\login_form.cs:line 374
==================================================================

==================================================================
ERROR OCCOURED AT :24/07/2023 08:59:58 AM
SOURCE:
MESSAGE:finished main_form initialization
Whole Exception:System.Exception: finished main_form initialization
==================================================================

==================================================================
ERROR OCCOURED AT :24/07/2023 08:59:59 AM
SOURCE:
MESSAGE:finished main_form load
Whole Exception:System.Exception: finished main_form load
==================================================================

==================================================================
ERROR OCCOURED AT :24/07/2023 08:59:59 AM
SOURCE:
MESSAGE:Log in Successfull, Welcome fanikiwa254@gmail.com
Whole Exception:System.Exception: Log in Successfull, Welcome fanikiwa254@gmail.com
==================================================================

==================================================================
ERROR OCCOURED AT :24/07/2023 08:59:59 AM
SOURCE:
MESSAGE:loading [http://localhost:90/jkuat_ip_telephony/admin.php]
Whole Exception:System.Exception: loading [http://localhost:90/jkuat_ip_telephony/admin.php]
==================================================================

==================================================================
ERROR OCCOURED AT :24/07/2023 09:00:11 AM
SOURCE:
MESSAGE:finished campuses_form initialization
Whole Exception:System.Exception: finished campuses_form initialization
==================================================================

==================================================================
ERROR OCCOURED AT :24/07/2023 09:00:11 AM
SOURCE:
MESSAGE:fetched [ 21 ] campuses.
Whole Exception:System.Exception: fetched [ 21 ] campuses.
==================================================================

==================================================================
ERROR OCCOURED AT :24/07/2023 09:00:11 AM
SOURCE:
MESSAGE:finished campuses_form load
Whole Exception:System.Exception: finished campuses_form load
==================================================================

==================================================================
ERROR OCCOURED AT :24/07/2023 09:23:22 AM
SOURCE:
MESSAGE:finished login_form initialization
Whole Exception:System.Exception: finished login_form initialization
==================================================================

==================================================================
ERROR OCCOURED AT :24/07/2023 09:23:22 AM
SOURCE:
MESSAGE:finished login_form load
Whole Exception:System.Exception: finished login_form load
==================================================================

==================================================================
ERROR OCCOURED AT :24/07/2023 09:23:25 AM
SOURCE:
MESSAGE:Login successfull.
Whole Exception:System.Exception: Login successfull.
==================================================================

==================================================================
ERROR OCCOURED AT :24/07/2023 09:23:25 AM
SOURCE:System.Data
MESSAGE:There is no row at position 1.
Whole Exception:System.IndexOutOfRangeException: There is no row at position 1.
   at System.Data.RBTree`1.GetNodeByIndex(Int32 userIndex)
   at System.Data.DataRowCollection.get_Item(Int32 index)
   at jkuat_ip_telephony_ui.login_form.save_auto_complete_login() in D:\wakxpx\csharp\visualstudio\2010\jkuat_ip_telephony_admin_module\jkuat_ip_telephony_ui\login_form.cs:line 374
==================================================================

==================================================================
ERROR OCCOURED AT :24/07/2023 09:23:25 AM
SOURCE:
MESSAGE:finished main_form initialization
Whole Exception:System.Exception: finished main_form initialization
==================================================================

==================================================================
ERROR OCCOURED AT :24/07/2023 09:23:26 AM
SOURCE:
MESSAGE:finished main_form load
Whole Exception:System.Exception: finished main_form load
==================================================================

==================================================================
ERROR OCCOURED AT :24/07/2023 09:23:26 AM
SOURCE:
MESSAGE:Log in Successfull, Welcome fanikiwa254@gmail.com
Whole Exception:System.Exception: Log in Successfull, Welcome fanikiwa254@gmail.com
==================================================================

==================================================================
ERROR OCCOURED AT :24/07/2023 09:23:26 AM
SOURCE:
MESSAGE:loading [http://localhost:90/jkuat_ip_telephony/admin.php]
Whole Exception:System.Exception: loading [http://localhost:90/jkuat_ip_telephony/admin.php]
==================================================================

==================================================================
ERROR OCCOURED AT :24/07/2023 09:23:28 AM
SOURCE:
MESSAGE:finished extensions_form initialization
Whole Exception:System.Exception: finished extensions_form initialization
==================================================================

==================================================================
ERROR OCCOURED AT :24/07/2023 09:23:28 AM
SOURCE:
MESSAGE:fetched [ 1301 ] extensions.
Whole Exception:System.Exception: fetched [ 1301 ] extensions.
==================================================================

==================================================================
ERROR OCCOURED AT :24/07/2023 09:23:28 AM
SOURCE:
MESSAGE:finished extensions_form load
Whole Exception:System.Exception: finished extensions_form load
==================================================================

==================================================================
ERROR OCCOURED AT :24/07/2023 09:33:20 AM
SOURCE:
MESSAGE:finished login_form initialization
Whole Exception:System.Exception: finished login_form initialization
==================================================================

==================================================================
ERROR OCCOURED AT :24/07/2023 09:33:20 AM
SOURCE:
MESSAGE:finished login_form load
Whole Exception:System.Exception: finished login_form load
==================================================================

==================================================================
ERROR OCCOURED AT :24/07/2023 09:33:23 AM
SOURCE:
MESSAGE:Login successfull.
Whole Exception:System.Exception: Login successfull.
==================================================================

==================================================================
ERROR OCCOURED AT :24/07/2023 09:33:23 AM
SOURCE:System.Data
MESSAGE:There is no row at position 1.
Whole Exception:System.IndexOutOfRangeException: There is no row at position 1.
   at System.Data.RBTree`1.GetNodeByIndex(Int32 userIndex)
   at System.Data.DataRowCollection.get_Item(Int32 index)
   at jkuat_ip_telephony_ui.login_form.save_auto_complete_login() in D:\wakxpx\csharp\visualstudio\2010\jkuat_ip_telephony_admin_module\jkuat_ip_telephony_ui\login_form.cs:line 374
==================================================================

==================================================================
ERROR OCCOURED AT :24/07/2023 09:33:23 AM
SOURCE:
MESSAGE:finished main_form initialization
Whole Exception:System.Exception: finished main_form initialization
==================================================================

==================================================================
ERROR OCCOURED AT :24/07/2023 09:33:24 AM
SOURCE:
MESSAGE:finished main_form load
Whole Exception:System.Exception: finished main_form load
==================================================================

==================================================================
ERROR OCCOURED AT :24/07/2023 09:33:24 AM
SOURCE:
MESSAGE:Log in Successfull, Welcome fanikiwa254@gmail.com
Whole Exception:System.Exception: Log in Successfull, Welcome fanikiwa254@gmail.com
==================================================================

==================================================================
ERROR OCCOURED AT :24/07/2023 09:33:24 AM
SOURCE:
MESSAGE:loading [http://localhost:90/jkuat_ip_telephony/admin.php]
Whole Exception:System.Exception: loading [http://localhost:90/jkuat_ip_telephony/admin.php]
==================================================================

==================================================================
ERROR OCCOURED AT :24/07/2023 09:33:29 AM
SOURCE:
MESSAGE:finished crystal_reports_form initialization
Whole Exception:System.Exception: finished crystal_reports_form initialization
==================================================================

==================================================================
ERROR OCCOURED AT :24/07/2023 09:33:29 AM
SOURCE:
MESSAGE:finished crystal_reports_form load
Whole Exception:System.Exception: finished crystal_reports_form load
==================================================================

==================================================================
ERROR OCCOURED AT :24/07/2023 09:33:31 AM
SOURCE:
MESSAGE:generating campuses crystal report...
Whole Exception:System.Exception: generating campuses crystal report...
==================================================================

==================================================================
ERROR OCCOURED AT :24/07/2023 09:33:50 AM
SOURCE:
MESSAGE:generating departments crystal report...
Whole Exception:System.Exception: generating departments crystal report...
==================================================================

